[debug] [2019-12-21T18:26:56.838Z] ----------------------------------------------------------------------
[debug] [2019-12-21T18:26:56.840Z] Command:       C:\Program Files\nodejs\node.exe C:\Users\mel_2\AppData\Roaming\npm\node_modules\firebase-tools\lib\bin\firebase.js deploy --only hosting:intelligent-partner
[debug] [2019-12-21T18:26:56.841Z] CLI Version:   7.11.0
[debug] [2019-12-21T18:26:56.841Z] Platform:      win32
[debug] [2019-12-21T18:26:56.841Z] Node Version:  v10.16.3
[debug] [2019-12-21T18:26:56.842Z] Time:          Sat Dec 21 2019 13:26:56 GMT-0500 (GMT-05:00)
[debug] [2019-12-21T18:26:56.842Z] ----------------------------------------------------------------------
[debug] [2019-12-21T18:26:56.842Z] 
[debug] [2019-12-21T18:26:56.867Z] > command requires scopes: ["email","openid","https://www.googleapis.com/auth/cloudplatformprojects.readonly","https://www.googleapis.com/auth/firebase","https://www.googleapis.com/auth/cloud-platform"]
[debug] [2019-12-21T18:26:56.868Z] > authorizing via signed-in user
[debug] [2019-12-21T18:26:56.868Z] [iam] checking project crc-support for permissions ["firebase.projects.get","firebasehosting.sites.update"]
[debug] [2019-12-21T18:26:56.870Z] > refreshing access token with scopes: ["email","https://www.googleapis.com/auth/cloud-platform","https://www.googleapis.com/auth/cloudplatformprojects.readonly","https://www.googleapis.com/auth/firebase","openid"]
[debug] [2019-12-21T18:26:56.870Z] >>> HTTP REQUEST POST https://www.googleapis.com/oauth2/v3/token  
 <request body omitted>
[debug] [2019-12-21T18:26:57.393Z] <<< HTTP RESPONSE 200
[debug] [2019-12-21T18:26:57.411Z] >>> HTTP REQUEST POST https://cloudresourcemanager.googleapis.com/v1/projects/crc-support:testIamPermissions  

[debug] [2019-12-21T18:26:58.028Z] <<< HTTP RESPONSE 200
[debug] [2019-12-21T18:26:58.029Z] >>> HTTP REQUEST GET https://firebase.googleapis.com/v1beta1/projects/crc-support  
 
[debug] [2019-12-21T18:26:58.767Z] <<< HTTP RESPONSE 200
[info] 
[info] === Deploying to 'crc-support'...
[info] 
[info] i  deploying hosting
[info] 
[info] +  Deploy complete!
[info] 
[info] Project Console: https://console.firebase.google.com/project/crc-support/overview
[debug] [2019-12-21T18:27:03.755Z] TypeError: Cannot read property 'deploys' of undefined
    at C:\Users\mel_2\AppData\Roaming\npm\node_modules\firebase-tools\lib\deploy\index.js:84:36
    at process._tickCallback (internal/process/next_tick.js:68:7)
[error] 
[error] Error: An unexpected error has occurred.
